app/build/outputs/logs/manifest-merger-debug-report.txt
-- Merging decision tree log ---
manifest
ADDED from src\main\AndroidManifest.xml:2:1-27:12
	xmlns:android
		ADDED from src\main\AndroidManifest.xml:3:2-60
	package
		ADDED from src\main\AndroidManifest.xml:4:2-34
		INJECTED from src\main\AndroidManifest.xml
		INJECTED from src\main\AndroidManifest.xml
	android:versionName
		ADDED from src\main\AndroidManifest.xml:6:2-27
		INJECTED from src\main\AndroidManifest.xml
		INJECTED from src\main\AndroidManifest.xml
	android:versionCode
		ADDED from src\main\AndroidManifest.xml:5:2-25
		INJECTED from src\main\AndroidManifest.xml
		INJECTED from src\main\AndroidManifest.xml
uses-sdk
ADDED from src\main\AndroidManifest.xml:7:2-8:31
	android:targetSdkVersion
		INJECTED from src\main\AndroidManifest.xml
		INJECTED from src\main\AndroidManifest.xml
	android:minSdkVersion
		ADDED from src\main\AndroidManifest.xml:8:3-28
		INJECTED from src\main\AndroidManifest.xml
		INJECTED from src\main\AndroidManifest.xml
application
ADDED from src\main\AndroidManifest.xml:10:2-26:16
	android:label
		ADDED from src\main\AndroidManifest.xml:12:3-35
	android:icon
		ADDED from src\main\AndroidManifest.xml:11:3-32
	android:enabled
		ADDED from src\main\AndroidManifest.xml:13:3-25
activity#com.pyo.simple.service.NewsSimpleLaunchActivity
ADDED from src\main\AndroidManifest.xml:14:3-23:14
	android:label
		ADDED from src\main\AndroidManifest.xml:16:4-36
	android:name
		ADDED from src\main\AndroidManifest.xml:15:4-44
intent-filter#android.intent.action.MAIN+android.intent.category.LAUNCHER
ADDED from src\main\AndroidManifest.xml:17:4-22:20
action#android.intent.action.MAIN
ADDED from src\main\AndroidManifest.xml:18:5-19:50
	android:name
		ADDED from src\main\AndroidManifest.xml:19:6-47
category#android.intent.category.LAUNCHER
ADDED from src\main\AndroidManifest.xml:20:5-21:56
	android:name
		ADDED from src\main\AndroidManifest.xml:21:6-53
service#com.pyo.simple.service.NewsSimpleService
ADDED from src\main\AndroidManifest.xml:24:3-25:70
	android:enabled
		ADDED from src\main\AndroidManifest.xml:25:4-26
	android:name
		ADDED from src\main\AndroidManifest.xml:25:27-59